::1 - - [30/Nov/2025:07:39:04 +0000] "GET /api/tracks/audio/THE%20SPELL.mp3 HTTP/1.1" 206 7164909 - 793.321 ms
::1 - - [30/Nov/2025:07:44:19 +0000] "GET /api/tracks/audio/THE%20SPELL.mp3 HTTP/1.1" 206 7164909 - 19.895 ms
::1 - - [30/Nov/2025:07:51:53 +0000] "GET /api/tracks/audio/THE%20SPELL.mp3 HTTP/1.1" 206 7164909 - 174.150 ms
::1 - - [30/Nov/2025:07:52:13 +0000] "GET /api/tracks/audio/THE%20SPELL.mp3 HTTP/1.1" 206 7164909 - 114.798 ms
::1 - - [30/Nov/2025:07:56:03 +0000] "GET /api/tracks/audio/THE%20SPELL.mp3 HTTP/1.1" 206 7164909 - 12.554 ms
::1 - - [30/Nov/2025:07:56:21 +0000] "GET /api/tracks/audio/THE%20SPELL.mp3 HTTP/1.1" 206 7164909 - 32.051 ms
::1 - - [30/Nov/2025:07:56:56 +0000] "GET /audio/THE%20SPELL.mp3 HTTP/1.1" 404 160 - 6.464 ms
::1 - - [30/Nov/2025:07:56:58 +0000] "GET /audio/THE%20SPELL.mp3 HTTP/1.1" 404 160 - 2.301 ms
::1 - - [30/Nov/2025:07:57:10 +0000] "GET /audio/THE%20SPELL.mp3 HTTP/1.1" 404 160 - 2.247 ms
::1 - - [30/Nov/2025:07:57:32 +0000] "GET /audio/THE%20SPELL.mp3 HTTP/1.1" 404 160 - 2.299 ms
::1 - - [30/Nov/2025:07:58:08 +0000] "GET /audio/THE%20SPELL.mp3 HTTP/1.1" 206 7164909 - 80.716 ms
::1 - - [30/Nov/2025:08:01:33 +0000] "GET /audio/THE%20SPELL.mp3 HTTP/1.1" 206 7164909 - 10.710 ms
::1 - - [30/Nov/2025:08:01:35 +0000] "GET /audio/THE%20SPELL.mp3 HTTP/1.1" 206 7164909 - 5.258 ms
::1 - - [30/Nov/2025:08:01:37 +0000] "GET /audio/THE%20SPELL.mp3 HTTP/1.1" 206 7164909 - 5.548 ms
::1 - - [30/Nov/2025:08:01:41 +0000] "GET /audio/THE%20SPELL.mp3 HTTP/1.1" 206 7164909 - 1.972 ms
::1 - - [30/Nov/2025:08:01:47 +0000] "GET /audio/THE%20SPELL.mp3 HTTP/1.1" 206 7164909 - 1.991 ms
::1 - - [30/Nov/2025:08:02:11 +0000] "GET /audio/THE%20SPELL.mp3 HTTP/1.1" 206 7164909 - 8.076 ms
::1 - - [30/Nov/2025:08:02:45 +0000] "GET /audio/THE%20SPELL.mp3 HTTP/1.1" 206 7164909 - 81.454 ms
::1 - - [30/Nov/2025:08:05:14 +0000] "GET /audio/THE%20SPELL.mp3 HTTP/1.1" 200 7164909 - 2.489 ms
::1 - - [30/Nov/2025:08:05:14 +0000] "GET /favicon.ico HTTP/1.1" 404 150 - 13.078 ms
::1 - - [30/Nov/2025:08:05:57 +0000] "GET /audio/THE%20SPELL.mp3 HTTP/1.1" 304 - - 1.906 ms
::1 - - [30/Nov/2025:08:18:34 +0000] "GET /audio/THE%20SPELL.mp3 HTTP/1.1" 206 7164909 - 302.256 ms
::1 - - [30/Nov/2025:08:24:05 +0000] "GET /audio/THE%20SPELL.mp3 HTTP/1.1" 206 7164909 - 5.641 ms
::1 - - [30/Nov/2025:08:26:50 +0000] "GET /public/audio/THE%20SPELL.mp3 HTTP/1.1" 404 167 - 5.465 ms
::1 - - [30/Nov/2025:08:26:51 +0000] "GET /public/audio/THE%20SPELL.mp3 HTTP/1.1" 404 167 - 0.914 ms
::1 - - [30/Nov/2025:08:26:55 +0000] "GET /public/audio/THE%20SPELL.mp3 HTTP/1.1" 404 167 - 0.666 ms
::1 - - [30/Nov/2025:08:26:56 +0000] "GET /public/audio/THE%20SPELL.mp3 HTTP/1.1" 404 167 - 0.663 ms
::1 - - [30/Nov/2025:08:26:57 +0000] "GET /public/audio/THE%20SPELL.mp3 HTTP/1.1" 404 167 - 0.907 ms
::1 - - [30/Nov/2025:08:26:57 +0000] "GET /public/audio/THE%20SPELL.mp3 HTTP/1.1" 404 167 - 0.566 ms
::1 - - [30/Nov/2025:08:27:03 +0000] "GET /public/audio/THE%20SPELL.mp3 HTTP/1.1" 404 167 - 2.892 ms
::1 - - [30/Nov/2025:08:27:30 +0000] "GET /public/audio/THE%20SPELL.mp3 HTTP/1.1" 404 167 - 3.742 ms
::1 - - [30/Nov/2025:08:36:20 +0000] "GET /public/audio/THE%20SPELL.mp3 HTTP/1.1" 404 167 - 13.258 ms
::1 - - [30/Nov/2025:08:50:21 +0000] "GET /public/audio/THE%20SPELL.mp3 HTTP/1.1" 200 7164909 - 49.270 ms
